{"D:\\Apps\\books\\NodeJs-Book\\samples\\with-unit-test\\parser\\parse.js":{"path":"D:\\Apps\\books\\NodeJs-Book\\samples\\with-unit-test\\parser\\parse.js","s":{"1":1,"2":1,"3":1,"4":1,"5":1,"6":5,"7":5,"8":4,"9":1,"10":1},"b":{"1":[4,1],"2":[5,5]},"f":{"1":1,"2":5},"fnMap":{"1":{"name":"parse","line":3,"loc":{"start":{"line":3,"column":0},"end":{"line":3,"column":24}}},"2":{"name":"(anonymous_2)","line":6,"loc":{"start":{"line":6,"column":33},"end":{"line":6,"column":49}}}},"statementMap":{"1":{"start":{"line":1,"column":0},"end":{"line":1,"column":42}},"2":{"start":{"line":3,"column":0},"end":{"line":13,"column":1}},"3":{"start":{"line":4,"column":2},"end":{"line":4,"column":13}},"4":{"start":{"line":5,"column":2},"end":{"line":5,"column":18}},"5":{"start":{"line":6,"column":2},"end":{"line":11,"column":5}},"6":{"start":{"line":7,"column":4},"end":{"line":7,"column":33}},"7":{"start":{"line":8,"column":4},"end":{"line":10,"column":5}},"8":{"start":{"line":9,"column":6},"end":{"line":9,"column":24}},"9":{"start":{"line":12,"column":2},"end":{"line":12,"column":16}},"10":{"start":{"line":15,"column":0},"end":{"line":15,"column":23}}},"branchMap":{"1":{"line":8,"type":"if","locations":[{"start":{"line":8,"column":4},"end":{"line":8,"column":4}},{"start":{"line":8,"column":4},"end":{"line":8,"column":4}}]},"2":{"line":8,"type":"binary-expr","locations":[{"start":{"line":8,"column":10},"end":{"line":8,"column":21}},{"start":{"line":8,"column":25},"end":{"line":8,"column":40}}]}}},"D:\\Apps\\books\\NodeJs-Book\\samples\\with-unit-test\\parser\\parse.spec.js":{"path":"D:\\Apps\\books\\NodeJs-Book\\samples\\with-unit-test\\parser\\parse.spec.js","s":{"1":0,"2":0,"3":0,"4":0,"5":0,"6":0,"7":0,"8":0},"b":{},"f":{"1":0,"2":0,"3":0},"fnMap":{"1":{"name":"(anonymous_1)","line":1,"loc":{"start":{"line":1,"column":23},"end":{"line":1,"column":34}}},"2":{"name":"(anonymous_2)","line":5,"loc":{"start":{"line":5,"column":13},"end":{"line":5,"column":24}}},"3":{"name":"(anonymous_3)","line":14,"loc":{"start":{"line":14,"column":31},"end":{"line":14,"column":42}}}},"statementMap":{"1":{"start":{"line":1,"column":0},"end":{"line":19,"column":3}},"2":{"start":{"line":2,"column":2},"end":{"line":2,"column":33}},"3":{"start":{"line":3,"column":2},"end":{"line":3,"column":19}},"4":{"start":{"line":5,"column":2},"end":{"line":12,"column":5}},"5":{"start":{"line":6,"column":4},"end":{"line":11,"column":11}},"6":{"start":{"line":14,"column":2},"end":{"line":17,"column":5}},"7":{"start":{"line":15,"column":4},"end":{"line":15,"column":32}},"8":{"start":{"line":16,"column":4},"end":{"line":16,"column":37}}},"branchMap":{}}}