TN:
SF:D:\Apps\books\NodeJs-Book\samples\with-unit-test\parser\parse.js
FN:3,parse
FN:6,(anonymous_2)
FNF:2
FNH:2
FNDA:1,parse
FNDA:5,(anonymous_2)
DA:1,1
DA:3,1
DA:4,1
DA:5,1
DA:6,1
DA:7,5
DA:8,5
DA:9,4
DA:12,1
DA:15,1
LF:10
LH:10
BRDA:8,1,0,4
BRDA:8,1,1,1
BRDA:8,2,0,5
BRDA:8,2,1,5
BRF:4
BRH:4
end_of_record
TN:
SF:D:\Apps\books\NodeJs-Book\samples\with-unit-test\parser\parse.spec.js
FN:1,(anonymous_1)
FN:5,(anonymous_2)
FN:14,(anonymous_3)
FNF:3
FNH:0
FNDA:0,(anonymous_1)
FNDA:0,(anonymous_2)
FNDA:0,(anonymous_3)
DA:1,0
DA:2,0
DA:3,0
DA:5,0
DA:6,0
DA:14,0
DA:15,0
DA:16,0
LF:8
LH:0
BRF:0
BRH:0
end_of_record
